<?xml version="1.0" encoding="UTF-8" ?>
<testsuite errors="0" failures="0" hostname="localhost.localdomain" name="com.wm.ps.test.WmTestSuite [FibonachiTest]" tests="2" time="0.886" timestamp="2017-04-19T14:55:52">
  <properties>
[...]
</properties>
  <testcase classname="com.wm.ps.test.WmTestCase" name="Straigt Case" time="0.462" />
  <testcase classname="com.wm.ps.test.WmTestCase" name="TestException" time="0.38" />
  <system-out><![CDATA[]]></system-out>
  <system-err><![CDATA[]]></system-err>
</testsuite>
