<?xml version="1.0" encoding="UTF-8" ?>
<testsuite errors="0" failures="1" hostname="localhost.localdomain" name="com.wm.ps.test.WmTestSuite [FibonachiTest]" tests="2" time="0.141" timestamp="2017-04-04T16:29:55">
  <properties>
[...]
</properties>
  <testcase classname="com.wm.ps.test.WmTestCase" name="Straigt Case" time="0.065">
    <failure message="fibonachiNumber :Expected and actual objects don&apos;t match.: expected &lt;89999&gt; but was &lt;8&gt;" type="junit.framework.AssertionFailedError">junit.framework.AssertionFailedError: fibonachiNumber :Expected and actual objects don&apos;t match.: expected &lt;89999&gt; but was &lt;8&gt;
	at com.wm.ps.test.WmAssert.assertIDataEquals(WmAssert.java:161)
	at com.wm.ps.test.WmAssert.assertEquals(WmAssert.java:71)
	at com.wm.ps.test.DefaultResultsValidator.assertValid(DefaultResultsValidator.java:163)
	at com.wm.ps.test.WmTestCase.runInvoke(WmTestCase.java:1054)
	at com.wm.ps.test.WmTestCase.runTest(WmTestCase.java:964)
</failure>
  </testcase>
  <testcase classname="com.wm.ps.test.WmTestCase" name="TestException" time="0.07" />
  <system-out><![CDATA[]]></system-out>
  <system-err><![CDATA[]]></system-err>
</testsuite>
